2022-06-15 06:50:20.646  INFO 6640 --- [main] com.safetynet.api.ApiApplication         : Starting ApiApplication using Java 11.0.15 on fixe with PID 6640 (/home/gpi/projet5/target/classes started by gpi in /home/gpi/projet5)
2022-06-15 06:50:20.652  INFO 6640 --- [main] com.safetynet.api.ApiApplication         : No active profile set, falling back to 1 default profile: "default"
2022-06-15 06:50:22.021  INFO 6640 --- [main] o.s.b.w.embedded.tomcat.TomcatWebServer  : Tomcat initialized with port(s): 9000 (http)
2022-06-15 06:50:25.748  INFO 6640 --- [main] o.s.b.w.embedded.tomcat.TomcatWebServer  : Tomcat started on port(s): 9000 (http) with context path ''
2022-06-15 06:50:25.763  INFO 6640 --- [main] com.safetynet.api.ApiApplication         : Started ApiApplication in 5.579 seconds (JVM running for 6.336)
2022-06-15 06:52:28.396 ERROR 6640 --- [http-nio-9000-exec-6] c.s.api.controller.AlertController       : Mapping already created. Impossible to create the entered value
2022-06-15 06:53:46.269  INFO 6930 --- [main] c.s.api.integration.AlertControllerIT    : Starting AlertControllerIT using Java 11.0.15 on fixe with PID 6930 (started by gpi in /home/gpi/projet5)
2022-06-15 06:53:46.271  INFO 6930 --- [main] c.s.api.integration.AlertControllerIT    : No active profile set, falling back to 1 default profile: "default"
2022-06-15 06:53:53.294  INFO 6930 --- [main] c.s.api.integration.AlertControllerIT    : Started AlertControllerIT in 7.528 seconds (JVM running for 8.944)
2022-06-15 06:53:53.629  INFO 6930 --- [main] c.s.api.controller.AlertController       : Resultat de la requete: [PersonInfoDto(firstName=John, lastName=Boyd, address=1509 Culver St, age=38, email=jaboyd@email.com, medications=[hydrapermazol:100mg, aznol:350mg], allergies=[nillacilan])]
2022-06-15 06:53:53.740  INFO 6930 --- [main] c.s.api.controller.AlertController       : Résultat de la requeteFireStationCoverageDto(persons=[FireStationCoveragePersonDto(firstName=Roger, lastName=Boyd, address=1509 Culver St, phone=841-874-6512), FireStationCoveragePersonDto(firstName=Clive, lastName=Ferguson, address=748 Townings Dr, phone=841-874-6741), FireStationCoveragePersonDto(firstName=Felicia, lastName=Boyd, address=1509 Culver St, phone=841-874-6544), FireStationCoveragePersonDto(firstName=Jacob, lastName=Boyd, address=1509 Culver St, phone=841-874-6513), FireStationCoveragePersonDto(firstName=Tessa, lastName=Carman, address=834 Binoc Ave, phone=841-874-6512), FireStationCoveragePersonDto(firstName=John, lastName=Boyd, address=1509 Culver St, phone=841-874-6512), FireStationCoveragePersonDto(firstName=Foster, lastName=Shepard, address=748 Townings Dr, phone=841-874-6544), FireStationCoveragePersonDto(firstName=Tenley, lastName=Boyd, address=1509 Culver St, phone=841-874-6512)], adults=5, children=3)
2022-06-15 06:53:53.846  INFO 6930 --- [main] c.s.api.controller.AlertController       : Résultat de la requete: [drk@email.com, reg@email.com, soph@email.com, jaboyd@email.com, bstel@email.com, clivfd@ymail.com, jpeter@email.com, aly@imail.com, ssanw@email.com, gramps@email.com, zarc@email.com, ward@email.com, tcoop@ymail.com, tenz@email.com, lily@email.com]
2022-06-15 06:53:53.905  INFO 6930 --- [main] c.s.api.controller.AlertController       : Résultat de la requete: ChildAlertDto(children=[{firstName=Zach, lastName=Zemicks, age=5}], adults=[Sophia Zemicks, Warren Zemicks])
2022-06-15 06:53:53.986  INFO 6930 --- [main] c.s.api.controller.AlertController       : Resultat de la requete: {748 Townings Dr=[FloodOrFireAlertPersonDto(name=Clive Ferguson, phone=841-874-6741, age=28, medications=[], allergies=[]), FloodOrFireAlertPersonDto(name=Foster Shepard, phone=841-874-6544, age=42, medications=[], allergies=[])], 951 LoneTree Rd=[FloodOrFireAlertPersonDto(name=Eric Cadigan, phone=841-874-7458, age=76, medications=[tradoxidine:400mg], allergies=[])], 947 E. Rose Dr=[FloodOrFireAlertPersonDto(name=Shawna Stelzer, phone=841-874-7784, age=41, medications=[], allergies=[]), FloodOrFireAlertPersonDto(name=Kendrik Stelzer, phone=841-874-7784, age=8, medications=[pharmacol:2500mg, noxidian:100mg], allergies=[]), FloodOrFireAlertPersonDto(name=Brian Stelzer, phone=841-874-7784, age=46, medications=[hydrapermazol:400mg, ibupurin:200mg], allergies=[nillacilan])], 908 73rd St=[FloodOrFireAlertPersonDto(name=Reginold Walker, phone=841-874-8547, age=42, medications=[thradox:700mg], allergies=[illisoxian]), FloodOrFireAlertPersonDto(name=Jamie Peters, phone=841-874-7462, age=40, medications=[], allergies=[])], 489 Manchester St=[FloodOrFireAlertPersonDto(name=Lily Cooper, phone=841-874-9845, age=28, medications=[], allergies=[])], 644 Gershwin Cir=[FloodOrFireAlertPersonDto(name=Peter Duncan, phone=841-874-6512, age=21, medications=[], allergies=[shellfish])], 1509 Culver St=[FloodOrFireAlertPersonDto(name=Jacob Boyd, phone=841-874-6513, age=33, medications=[pharmacol:5000mg, terazine:10mg, noznazol:250mg], allergies=[]), FloodOrFireAlertPersonDto(name=Tenley Boyd, phone=841-874-6512, age=10, medications=[], allergies=[peanut]), FloodOrFireAlertPersonDto(name=John Boyd, phone=841-874-6512, age=38, medications=[hydrapermazol:100mg, aznol:350mg], allergies=[nillacilan]), FloodOrFireAlertPersonDto(name=Roger Boyd, phone=841-874-6512, age=4, medications=[], allergies=[]), FloodOrFireAlertPersonDto(name=Felicia Boyd, phone=841-874-6544, age=36, medications=[tetracyclaz:650mg], allergies=[xilliathal])], 892 Downing Ct=[FloodOrFireAlertPersonDto(name=Warren Zemicks, phone=841-874-7512, age=37, medications=[], allergies=[]), FloodOrFireAlertPersonDto(name=Sophia Zemicks, phone=841-874-7878, age=34, medications=[pharmacol:5000mg, aznol:60mg, hydrapermazol:900mg, terazine:500mg], allergies=[aznol, shellfish, peanut]), FloodOrFireAlertPersonDto(name=Zach Zemicks, phone=841-874-7512, age=5, medications=[], allergies=[])], 834 Binoc Ave=[FloodOrFireAlertPersonDto(name=Tessa Carman, phone=841-874-6512, age=10, medications=[], allergies=[])], 112 Steppes Pl=[FloodOrFireAlertPersonDto(name=Ron Peters, phone=841-874-8888, age=57, medications=[], allergies=[]), FloodOrFireAlertPersonDto(name=Allison Boyd, phone=841-874-9888, age=57, medications=[aznol:200mg], allergies=[nillacilan]), FloodOrFireAlertPersonDto(name=Tony Cooper, phone=841-874-6874, age=28, medications=[dodoxadin:30mg, hydrapermazol:300mg], allergies=[shellfish])], 29 15th St=[FloodOrFireAlertPersonDto(name=Jonanathan Marrack, phone=841-874-6513, age=33, medications=[], allergies=[])]}
2022-06-15 06:53:54.031  INFO 6930 --- [main] c.s.api.controller.AlertController       : Resultat de la requete: PhoneAlertDto(phoneAlert=[841-874-7512, 841-874-7878, 841-874-6513, 841-874-7458])
2022-06-15 06:53:54.071  INFO 6930 --- [main] c.s.api.controller.AlertController       : Resultat de la requete: FireAlertDto(address=1509 Culver St, station=3, persons=[FloodOrFireAlertPersonDto(name=Jacob Boyd, phone=841-874-6513, age=33, medications=[pharmacol:5000mg, terazine:10mg, noznazol:250mg], allergies=[]), FloodOrFireAlertPersonDto(name=Tenley Boyd, phone=841-874-6512, age=10, medications=[], allergies=[peanut]), FloodOrFireAlertPersonDto(name=John Boyd, phone=841-874-6512, age=38, medications=[hydrapermazol:100mg, aznol:350mg], allergies=[nillacilan]), FloodOrFireAlertPersonDto(name=Roger Boyd, phone=841-874-6512, age=4, medications=[], allergies=[]), FloodOrFireAlertPersonDto(name=Felicia Boyd, phone=841-874-6544, age=36, medications=[tetracyclaz:650mg], allergies=[xilliathal])])
2022-06-15 06:56:12.474  INFO 7135 --- [main] c.s.api.FireStationControllerTest        : Starting FireStationControllerTest using Java 11.0.15 on fixe with PID 7135 (started by gpi in /home/gpi/projet5)
2022-06-15 06:56:12.476  INFO 7135 --- [main] c.s.api.FireStationControllerTest        : No active profile set, falling back to 1 default profile: "default"
2022-06-15 06:56:15.652  INFO 7135 --- [main] c.s.api.FireStationControllerTest        : Started FireStationControllerTest in 4.155 seconds (JVM running for 6.714)
2022-06-15 06:56:16.174 ERROR 7135 --- [main] c.s.api.controller.AlertController       : For input string: "erreur"
2022-06-15 06:56:16.373  INFO 7135 --- [main] com.safetynet.api.AlertControllerTest    : Starting AlertControllerTest using Java 11.0.15 on fixe with PID 7135 (started by gpi in /home/gpi/projet5)
2022-06-15 06:56:16.374  INFO 7135 --- [main] com.safetynet.api.AlertControllerTest    : No active profile set, falling back to 1 default profile: "default"
2022-06-15 06:56:17.168  INFO 7135 --- [main] com.safetynet.api.AlertControllerTest    : Started AlertControllerTest in 0.866 seconds (JVM running for 8.23)
2022-06-15 06:56:17.193  INFO 7135 --- [main] c.s.api.controller.AlertController       : Résultat de la requetenull
2022-06-15 06:56:17.211  INFO 7135 --- [main] c.s.api.controller.AlertController       : Resultat de la requete: null
2022-06-15 06:56:17.234 ERROR 7135 --- [main] c.s.api.controller.AlertController       : No data available for this address, please check the entered value: 1509 Culver S
2022-06-15 06:56:17.248 ERROR 7135 --- [main] c.s.api.controller.AlertController       : No data available for this city, please check the entered value: Paris
2022-06-15 06:56:17.259 ERROR 7135 --- [main] c.s.api.controller.AlertController       : No data available for this station number, please check the entered value: 99
2022-06-15 06:56:17.272  INFO 7135 --- [main] c.s.api.controller.AlertController       : Résultat de la requete: null
2022-06-15 06:56:17.301 ERROR 7135 --- [main] c.s.api.controller.AlertController       : No data available for this person: Joh Boyd
2022-06-15 06:56:17.312 ERROR 7135 --- [main] c.s.api.controller.AlertController       : Required request parameter 'city' for method parameter type String is not present
2022-06-15 06:56:17.328  INFO 7135 --- [main] c.s.api.controller.AlertController       : Resultat de la requete: []
2022-06-15 06:56:17.343  INFO 7135 --- [main] c.s.api.controller.AlertController       : Resultat de la requete: {}
2022-06-15 06:56:17.360  INFO 7135 --- [main] c.s.api.controller.AlertController       : Résultat de la requete: []
2022-06-15 06:56:17.374 ERROR 7135 --- [main] c.s.api.controller.AlertController       : test
2022-06-15 06:56:17.382  INFO 7135 --- [main] c.s.api.controller.AlertController       : Resultat de la requete: null
2022-06-15 06:56:17.443  INFO 7135 --- [main] com.safetynet.api.PersonControllerTest   : Starting PersonControllerTest using Java 11.0.15 on fixe with PID 7135 (started by gpi in /home/gpi/projet5)
2022-06-15 06:56:17.443  INFO 7135 --- [main] com.safetynet.api.PersonControllerTest   : No active profile set, falling back to 1 default profile: "default"
2022-06-15 06:56:18.093  INFO 7135 --- [main] com.safetynet.api.PersonControllerTest   : Started PersonControllerTest in 0.683 seconds (JVM running for 9.154)
2022-06-15 06:56:18.134  INFO 7135 --- [main] c.s.api.controller.AlertController       : Résultat de la requetenull
2022-06-15 06:56:18.167  INFO 7135 --- [main] c.s.api.controller.AlertController       : Résultat de la requetenull
2022-06-15 06:56:18.183  INFO 7135 --- [main] c.s.api.controller.AlertController       : Résultat de la requetenull
2022-06-15 06:56:18.240  INFO 7135 --- [main] com.safetynet.api.ApiApplicationTests    : Starting ApiApplicationTests using Java 11.0.15 on fixe with PID 7135 (started by gpi in /home/gpi/projet5)
2022-06-15 06:56:18.240  INFO 7135 --- [main] com.safetynet.api.ApiApplicationTests    : No active profile set, falling back to 1 default profile: "default"
2022-06-15 06:56:25.748  INFO 7135 --- [main] com.safetynet.api.ApiApplicationTests    : Started ApiApplicationTests in 7.546 seconds (JVM running for 16.809)
2022-06-15 06:56:25.819  INFO 7135 --- [main] c.s.api.MedicalRecordControllerTest      : Starting MedicalRecordControllerTest using Java 11.0.15 on fixe with PID 7135 (started by gpi in /home/gpi/projet5)
2022-06-15 06:56:25.819  INFO 7135 --- [main] c.s.api.MedicalRecordControllerTest      : No active profile set, falling back to 1 default profile: "default"
2022-06-15 06:56:26.316  INFO 7135 --- [main] c.s.api.MedicalRecordControllerTest      : Started MedicalRecordControllerTest in 0.537 seconds (JVM running for 17.377)
2022-06-15 06:56:26.823 ERROR 7135 --- [main] c.s.api.controller.AlertController       : [Home(id=0, address=address for test, city=Paris, zip=75001, persons=[], station=15)]
2022-06-15 07:05:09.009  INFO 9303 --- [main] c.s.api.FireStationControllerTest        : Starting FireStationControllerTest using Java 11.0.15 on fixe with PID 9303 (started by gpi in /home/gpi/projet5)
2022-06-15 07:05:09.012  INFO 9303 --- [main] c.s.api.FireStationControllerTest        : No active profile set, falling back to 1 default profile: "default"
2022-06-15 07:05:12.458  INFO 9303 --- [main] c.s.api.FireStationControllerTest        : Started FireStationControllerTest in 4.444 seconds (JVM running for 7.214)
2022-06-15 07:05:12.856 ERROR 9303 --- [main] c.s.api.controller.AlertController       : For input string: "erreur"
2022-06-15 07:05:13.036  INFO 9303 --- [main] com.safetynet.api.AlertControllerTest    : Starting AlertControllerTest using Java 11.0.15 on fixe with PID 9303 (started by gpi in /home/gpi/projet5)
2022-06-15 07:05:13.036  INFO 9303 --- [main] com.safetynet.api.AlertControllerTest    : No active profile set, falling back to 1 default profile: "default"
2022-06-15 07:05:13.938  INFO 9303 --- [main] com.safetynet.api.AlertControllerTest    : Started AlertControllerTest in 0.989 seconds (JVM running for 8.694)
2022-06-15 07:05:13.961  INFO 9303 --- [main] c.s.api.controller.AlertController       : Résultat de la requetenull
2022-06-15 07:05:13.982  INFO 9303 --- [main] c.s.api.controller.AlertController       : Resultat de la requete: null
2022-06-15 07:05:14.010 ERROR 9303 --- [main] c.s.api.controller.AlertController       : No data available for this address, please check the entered value: 1509 Culver S
2022-06-15 07:05:14.026 ERROR 9303 --- [main] c.s.api.controller.AlertController       : No data available for this city, please check the entered value: Paris
2022-06-15 07:05:14.042 ERROR 9303 --- [main] c.s.api.controller.AlertController       : No data available for this station number, please check the entered value: 99
2022-06-15 07:05:14.054  INFO 9303 --- [main] c.s.api.controller.AlertController       : Résultat de la requete: null
2022-06-15 07:05:14.095 ERROR 9303 --- [main] c.s.api.controller.AlertController       : No data available for this person: Joh Boyd
2022-06-15 07:05:14.108 ERROR 9303 --- [main] c.s.api.controller.AlertController       : Required request parameter 'city' for method parameter type String is not present
2022-06-15 07:05:14.133  INFO 9303 --- [main] c.s.api.controller.AlertController       : Resultat de la requete: []
2022-06-15 07:05:14.153  INFO 9303 --- [main] c.s.api.controller.AlertController       : Resultat de la requete: {}
2022-06-15 07:05:14.177  INFO 9303 --- [main] c.s.api.controller.AlertController       : Résultat de la requete: []
2022-06-15 07:05:14.195 ERROR 9303 --- [main] c.s.api.controller.AlertController       : test
2022-06-15 07:05:14.211  INFO 9303 --- [main] c.s.api.controller.AlertController       : Resultat de la requete: null
2022-06-15 07:05:14.283  INFO 9303 --- [main] com.safetynet.api.PersonControllerTest   : Starting PersonControllerTest using Java 11.0.15 on fixe with PID 9303 (started by gpi in /home/gpi/projet5)
2022-06-15 07:05:14.284  INFO 9303 --- [main] com.safetynet.api.PersonControllerTest   : No active profile set, falling back to 1 default profile: "default"
2022-06-15 07:05:14.870  INFO 9303 --- [main] com.safetynet.api.PersonControllerTest   : Started PersonControllerTest in 0.626 seconds (JVM running for 9.625)
2022-06-15 07:05:14.912  INFO 9303 --- [main] c.s.api.controller.AlertController       : Résultat de la requetenull
2022-06-15 07:05:14.947  INFO 9303 --- [main] c.s.api.controller.AlertController       : Résultat de la requetenull
2022-06-15 07:05:14.961  INFO 9303 --- [main] c.s.api.controller.AlertController       : Résultat de la requetenull
2022-06-15 07:05:15.031  INFO 9303 --- [main] com.safetynet.api.ApiApplicationTests    : Starting ApiApplicationTests using Java 11.0.15 on fixe with PID 9303 (started by gpi in /home/gpi/projet5)
2022-06-15 07:05:15.032  INFO 9303 --- [main] com.safetynet.api.ApiApplicationTests    : No active profile set, falling back to 1 default profile: "default"
2022-06-15 07:05:22.428  INFO 9303 --- [main] com.safetynet.api.ApiApplicationTests    : Started ApiApplicationTests in 7.43 seconds (JVM running for 17.183)
2022-06-15 07:05:22.492  INFO 9303 --- [main] c.s.api.MedicalRecordControllerTest      : Starting MedicalRecordControllerTest using Java 11.0.15 on fixe with PID 9303 (started by gpi in /home/gpi/projet5)
2022-06-15 07:05:22.493  INFO 9303 --- [main] c.s.api.MedicalRecordControllerTest      : No active profile set, falling back to 1 default profile: "default"
2022-06-15 07:05:22.933  INFO 9303 --- [main] c.s.api.MedicalRecordControllerTest      : Started MedicalRecordControllerTest in 0.479 seconds (JVM running for 17.689)
2022-06-15 07:05:23.436 ERROR 9303 --- [main] c.s.api.controller.AlertController       : [Home(id=0, address=address for test, city=Paris, zip=75001, persons=[], station=15)]
2022-06-15 07:14:51.838  INFO 10235 --- [main] c.s.api.FireStationControllerTest        : Starting FireStationControllerTest using Java 11.0.15 on fixe with PID 10235 (started by gpi in /home/gpi/projet5)
2022-06-15 07:14:51.840  INFO 10235 --- [main] c.s.api.FireStationControllerTest        : No active profile set, falling back to 1 default profile: "default"
2022-06-15 07:14:55.135  INFO 10235 --- [main] c.s.api.FireStationControllerTest        : Started FireStationControllerTest in 4.153 seconds (JVM running for 6.902)
2022-06-15 07:14:55.571 ERROR 10235 --- [main] c.s.api.controller.AlertController       : For input string: "erreur"
2022-06-15 07:14:55.751  INFO 10235 --- [main] com.safetynet.api.AlertControllerTest    : Starting AlertControllerTest using Java 11.0.15 on fixe with PID 10235 (started by gpi in /home/gpi/projet5)
2022-06-15 07:14:55.752  INFO 10235 --- [main] com.safetynet.api.AlertControllerTest    : No active profile set, falling back to 1 default profile: "default"
2022-06-15 07:14:56.554  INFO 10235 --- [main] com.safetynet.api.AlertControllerTest    : Started AlertControllerTest in 0.876 seconds (JVM running for 8.321)
2022-06-15 07:14:56.574  INFO 10235 --- [main] c.s.api.controller.AlertController       : Résultat de la requetenull
2022-06-15 07:14:56.592  INFO 10235 --- [main] c.s.api.controller.AlertController       : Resultat de la requete: null
2022-06-15 07:14:56.615 ERROR 10235 --- [main] c.s.api.controller.AlertController       : No data available for this address, please check the entered value: 1509 Culver S
2022-06-15 07:14:56.635 ERROR 10235 --- [main] c.s.api.controller.AlertController       : No data available for this city, please check the entered value: Paris
2022-06-15 07:14:56.656 ERROR 10235 --- [main] c.s.api.controller.AlertController       : No data available for this station number, please check the entered value: 99
2022-06-15 07:14:56.674  INFO 10235 --- [main] c.s.api.controller.AlertController       : Résultat de la requete: null
2022-06-15 07:14:56.712 ERROR 10235 --- [main] c.s.api.controller.AlertController       : No data available for this person: Joh Boyd
2022-06-15 07:14:56.729 ERROR 10235 --- [main] c.s.api.controller.AlertController       : Required request parameter 'city' for method parameter type String is not present
2022-06-15 07:14:56.752  INFO 10235 --- [main] c.s.api.controller.AlertController       : Resultat de la requete: []
2022-06-15 07:14:56.769  INFO 10235 --- [main] c.s.api.controller.AlertController       : Resultat de la requete: {}
2022-06-15 07:14:56.787  INFO 10235 --- [main] c.s.api.controller.AlertController       : Résultat de la requete: []
2022-06-15 07:14:56.802 ERROR 10235 --- [main] c.s.api.controller.AlertController       : test
2022-06-15 07:14:56.811  INFO 10235 --- [main] c.s.api.controller.AlertController       : Resultat de la requete: null
2022-06-15 07:14:56.876  INFO 10235 --- [main] com.safetynet.api.PersonControllerTest   : Starting PersonControllerTest using Java 11.0.15 on fixe with PID 10235 (started by gpi in /home/gpi/projet5)
2022-06-15 07:14:56.876  INFO 10235 --- [main] com.safetynet.api.PersonControllerTest   : No active profile set, falling back to 1 default profile: "default"
2022-06-15 07:14:57.412  INFO 10235 --- [main] com.safetynet.api.PersonControllerTest   : Started PersonControllerTest in 0.571 seconds (JVM running for 9.178)
2022-06-15 07:14:57.451  INFO 10235 --- [main] c.s.api.controller.AlertController       : Résultat de la requetenull
2022-06-15 07:14:57.476  INFO 10235 --- [main] c.s.api.controller.AlertController       : Résultat de la requetenull
2022-06-15 07:14:57.492  INFO 10235 --- [main] c.s.api.controller.AlertController       : Résultat de la requetenull
2022-06-15 07:14:57.547  INFO 10235 --- [main] com.safetynet.api.ApiApplicationTests    : Starting ApiApplicationTests using Java 11.0.15 on fixe with PID 10235 (started by gpi in /home/gpi/projet5)
2022-06-15 07:14:57.548  INFO 10235 --- [main] com.safetynet.api.ApiApplicationTests    : No active profile set, falling back to 1 default profile: "default"
2022-06-15 07:15:04.486  INFO 10235 --- [main] com.safetynet.api.ApiApplicationTests    : Started ApiApplicationTests in 6.971 seconds (JVM running for 16.252)
2022-06-15 07:15:04.546  INFO 10235 --- [main] c.s.api.MedicalRecordControllerTest      : Starting MedicalRecordControllerTest using Java 11.0.15 on fixe with PID 10235 (started by gpi in /home/gpi/projet5)
2022-06-15 07:15:04.546  INFO 10235 --- [main] c.s.api.MedicalRecordControllerTest      : No active profile set, falling back to 1 default profile: "default"
2022-06-15 07:15:05.070  INFO 10235 --- [main] c.s.api.MedicalRecordControllerTest      : Started MedicalRecordControllerTest in 0.56 seconds (JVM running for 16.837)
2022-06-15 07:15:05.541 ERROR 10235 --- [main] c.s.api.controller.AlertController       : [Home(id=0, address=address for test, city=Paris, zip=75001, persons=[], station=15)]
2022-06-15 08:02:43.227  INFO 4135 --- [main] com.safetynet.api.ApiApplication         : Starting ApiApplication using Java 11.0.15 on fixe with PID 4135 (/home/gpi/projet5/target/classes started by gpi in /home/gpi/projet5)
2022-06-15 08:02:43.233  INFO 4135 --- [main] com.safetynet.api.ApiApplication         : No active profile set, falling back to 1 default profile: "default"
2022-06-15 08:02:45.323  INFO 4135 --- [main] o.s.b.w.embedded.tomcat.TomcatWebServer  : Tomcat initialized with port(s): 9000 (http)
2022-06-15 08:02:49.683  INFO 4135 --- [main] o.s.b.w.embedded.tomcat.TomcatWebServer  : Tomcat started on port(s): 9000 (http) with context path ''
2022-06-15 08:02:49.698  INFO 4135 --- [main] com.safetynet.api.ApiApplication         : Started ApiApplication in 6.982 seconds (JVM running for 7.99)
2022-06-15 08:04:22.968  INFO 4430 --- [main] com.safetynet.api.ApiApplication         : Starting ApiApplication using Java 11.0.15 on fixe with PID 4430 (/home/gpi/projet5/target/classes started by gpi in /home/gpi/projet5)
2022-06-15 08:04:22.971  INFO 4430 --- [main] com.safetynet.api.ApiApplication         : No active profile set, falling back to 1 default profile: "default"
2022-06-15 08:04:23.707  INFO 4430 --- [main] .s.d.r.c.RepositoryConfigurationDelegate : Bootstrapping Spring Data JPA repositories in DEFAULT mode.
2022-06-15 08:04:23.775  INFO 4430 --- [main] .s.d.r.c.RepositoryConfigurationDelegate : Finished Spring Data repository scanning in 57 ms. Found 7 JPA repository interfaces.
2022-06-15 08:04:24.350  INFO 4430 --- [main] o.s.b.w.embedded.tomcat.TomcatWebServer  : Tomcat initialized with port(s): 9000 (http)
2022-06-15 08:04:24.360  INFO 4430 --- [main] o.apache.catalina.core.StandardService   : Starting service [Tomcat]
2022-06-15 08:04:24.360  INFO 4430 --- [main] org.apache.catalina.core.StandardEngine  : Starting Servlet engine: [Apache Tomcat/9.0.60]
2022-06-15 08:04:24.473  INFO 4430 --- [main] o.a.c.c.C.[Tomcat].[localhost].[/]       : Initializing Spring embedded WebApplicationContext
2022-06-15 08:04:24.473  INFO 4430 --- [main] w.s.c.ServletWebServerApplicationContext : Root WebApplicationContext: initialization completed in 1451 ms
2022-06-15 08:04:24.515  INFO 4430 --- [main] com.zaxxer.hikari.HikariDataSource       : HikariPool-1 - Starting...
2022-06-15 08:04:24.721  INFO 4430 --- [main] com.zaxxer.hikari.HikariDataSource       : HikariPool-1 - Start completed.
2022-06-15 08:04:24.737  INFO 4430 --- [main] o.s.b.a.h2.H2ConsoleAutoConfiguration    : H2 console available at '/h2-console'. Database available at 'jdbc:h2:mem:426049b6-27a7-48ec-9694-39ff32ad695f'
2022-06-15 08:04:24.998  INFO 4430 --- [main] o.hibernate.jpa.internal.util.LogHelper  : HHH000204: Processing PersistenceUnitInfo [name: default]
2022-06-15 08:04:25.056  INFO 4430 --- [main] org.hibernate.Version                    : HHH000412: Hibernate ORM core version 5.6.7.Final
2022-06-15 08:04:25.219  INFO 4430 --- [main] o.hibernate.annotations.common.Version   : HCANN000001: Hibernate Commons Annotations {5.1.2.Final}
2022-06-15 08:04:25.355  INFO 4430 --- [main] org.hibernate.dialect.Dialect            : HHH000400: Using dialect: org.hibernate.dialect.H2Dialect
2022-06-15 08:04:26.211  INFO 4430 --- [main] o.h.e.t.j.p.i.JtaPlatformInitiator       : HHH000490: Using JtaPlatform implementation: [org.hibernate.engine.transaction.jta.platform.internal.NoJtaPlatform]
2022-06-15 08:04:26.219  INFO 4430 --- [main] j.LocalContainerEntityManagerFactoryBean : Initialized JPA EntityManagerFactory for persistence unit 'default'
2022-06-15 08:04:27.587  WARN 4430 --- [main] JpaBaseConfiguration$JpaWebConfiguration : spring.jpa.open-in-view is enabled by default. Therefore, database queries may be performed during view rendering. Explicitly configure spring.jpa.open-in-view to disable this warning
2022-06-15 08:04:28.014  INFO 4430 --- [main] o.s.b.w.embedded.tomcat.TomcatWebServer  : Tomcat started on port(s): 9000 (http) with context path ''
2022-06-15 08:04:28.034  INFO 4430 --- [main] com.safetynet.api.ApiApplication         : Started ApiApplication in 5.532 seconds (JVM running for 6.297)
2022-06-15 08:05:42.167  INFO 4430 --- [http-nio-9000-exec-7] o.a.c.c.C.[Tomcat].[localhost].[/]       : Initializing Spring DispatcherServlet 'dispatcherServlet'
2022-06-15 08:05:42.172  INFO 4430 --- [http-nio-9000-exec-7] o.s.web.servlet.DispatcherServlet        : Initializing Servlet 'dispatcherServlet'
2022-06-15 08:05:42.173  INFO 4430 --- [http-nio-9000-exec-7] o.s.web.servlet.DispatcherServlet        : Completed initialization in 1 ms
2022-06-15 08:11:59.969  INFO 4430 --- [RMI TCP Connection(11)-127.0.0.1] inMXBeanRegistrar$SpringApplicationAdmin : Application shutdown requested.
2022-06-15 08:12:00.002  INFO 4430 --- [RMI TCP Connection(11)-127.0.0.1] j.LocalContainerEntityManagerFactoryBean : Closing JPA EntityManagerFactory for persistence unit 'default'
2022-06-15 08:12:00.004  INFO 4430 --- [RMI TCP Connection(11)-127.0.0.1] com.zaxxer.hikari.HikariDataSource       : HikariPool-1 - Shutdown initiated...
2022-06-15 08:12:00.008  INFO 4430 --- [RMI TCP Connection(11)-127.0.0.1] com.zaxxer.hikari.HikariDataSource       : HikariPool-1 - Shutdown completed.
2022-06-15 08:12:31.908  INFO 4857 --- [main] c.s.api.FireStationControllerTest        : Starting FireStationControllerTest using Java 11.0.15 on fixe with PID 4857 (started by gpi in /home/gpi/projet5)
2022-06-15 08:12:31.912  INFO 4857 --- [main] c.s.api.FireStationControllerTest        : No active profile set, falling back to 1 default profile: "default"
2022-06-15 08:12:35.881  INFO 4857 --- [main] o.s.b.t.m.w.SpringBootMockServletContext : Initializing Spring TestDispatcherServlet ''
2022-06-15 08:12:35.881  INFO 4857 --- [main] o.s.t.web.servlet.TestDispatcherServlet  : Initializing Servlet ''
2022-06-15 08:12:35.884  INFO 4857 --- [main] o.s.t.web.servlet.TestDispatcherServlet  : Completed initialization in 2 ms
2022-06-15 08:12:35.935  INFO 4857 --- [main] c.s.api.FireStationControllerTest        : Started FireStationControllerTest in 5.097 seconds (JVM running for 8.016)
2022-06-15 08:12:36.336 ERROR 4857 --- [main] c.s.api.controller.AlertController       : For input string: "erreur"
2022-06-15 08:12:36.406  INFO 4857 --- [main] .b.t.a.w.s.WebMvcTestContextBootstrapper : Neither @ContextConfiguration nor @ContextHierarchy found for test class [com.safetynet.api.AlertControllerTest], using SpringBootContextLoader
2022-06-15 08:12:36.407  INFO 4857 --- [main] o.s.t.c.support.AbstractContextLoader    : Could not detect default resource locations for test class [com.safetynet.api.AlertControllerTest]: no resource found for suffixes {-context.xml, Context.groovy}.
2022-06-15 08:12:36.407  INFO 4857 --- [main] t.c.s.AnnotationConfigContextLoaderUtils : Could not detect default configuration classes for test class [com.safetynet.api.AlertControllerTest]: AlertControllerTest does not declare any static, non-private, non-final, nested classes annotated with @Configuration.
2022-06-15 08:12:36.424  INFO 4857 --- [main] .b.t.c.SpringBootTestContextBootstrapper : Found @SpringBootConfiguration com.safetynet.api.ApiApplication for test class com.safetynet.api.AlertControllerTest
2022-06-15 08:12:36.426  INFO 4857 --- [main] .b.t.a.w.s.WebMvcTestContextBootstrapper : Loaded default TestExecutionListener class names from location [META-INF/spring.factories]: [org.springframework.boot.test.mock.mockito.MockitoTestExecutionListener, org.springframework.boot.test.mock.mockito.ResetMocksTestExecutionListener, org.springframework.boot.test.autoconfigure.restdocs.RestDocsTestExecutionListener, org.springframework.boot.test.autoconfigure.web.client.MockRestServiceServerResetTestExecutionListener, org.springframework.boot.test.autoconfigure.web.servlet.MockMvcPrintOnlyOnFailureTestExecutionListener, org.springframework.boot.test.autoconfigure.web.servlet.WebDriverTestExecutionListener, org.springframework.boot.test.autoconfigure.webservices.client.MockWebServiceServerTestExecutionListener, org.springframework.test.context.web.ServletTestExecutionListener, org.springframework.test.context.support.DirtiesContextBeforeModesTestExecutionListener, org.springframework.test.context.event.ApplicationEventsTestExecutionListener, org.springframework.test.context.support.DependencyInjectionTestExecutionListener, org.springframework.test.context.support.DirtiesContextTestExecutionListener, org.springframework.test.context.transaction.TransactionalTestExecutionListener, org.springframework.test.context.jdbc.SqlScriptsTestExecutionListener, org.springframework.test.context.event.EventPublishingTestExecutionListener]
2022-06-15 08:12:36.427  INFO 4857 --- [main] .b.t.a.w.s.WebMvcTestContextBootstrapper : Using TestExecutionListeners: [org.springframework.test.context.web.ServletTestExecutionListener@45f675a4, org.springframework.test.context.support.DirtiesContextBeforeModesTestExecutionListener@57f59036, org.springframework.test.context.event.ApplicationEventsTestExecutionListener@6e5ffaee, org.springframework.boot.test.mock.mockito.MockitoTestExecutionListener@2b5dfb1b, org.springframework.boot.test.autoconfigure.SpringBootDependencyInjectionTestExecutionListener@5d70f081, org.springframework.test.context.support.DirtiesContextTestExecutionListener@26ffaf39, org.springframework.test.context.transaction.TransactionalTestExecutionListener@3766b982, org.springframework.test.context.jdbc.SqlScriptsTestExecutionListener@73270956, org.springframework.test.context.event.EventPublishingTestExecutionListener@29090b4b, org.springframework.boot.test.mock.mockito.ResetMocksTestExecutionListener@72d4ff34, org.springframework.boot.test.autoconfigure.restdocs.RestDocsTestExecutionListener@70fce245, org.springframework.boot.test.autoconfigure.web.client.MockRestServiceServerResetTestExecutionListener@3bda38b5, org.springframework.boot.test.autoconfigure.web.servlet.MockMvcPrintOnlyOnFailureTestExecutionListener@5a683fd6, org.springframework.boot.test.autoconfigure.web.servlet.WebDriverTestExecutionListener@f1056f0, org.springframework.boot.test.autoconfigure.webservices.client.MockWebServiceServerTestExecutionListener@1869639d]
2022-06-15 08:12:36.518  INFO 4857 --- [main] com.safetynet.api.AlertControllerTest    : Starting AlertControllerTest using Java 11.0.15 on fixe with PID 4857 (started by gpi in /home/gpi/projet5)
2022-06-15 08:12:36.519  INFO 4857 --- [main] com.safetynet.api.AlertControllerTest    : No active profile set, falling back to 1 default profile: "default"
2022-06-15 08:12:37.520  INFO 4857 --- [main] o.s.b.t.m.w.SpringBootMockServletContext : Initializing Spring TestDispatcherServlet ''
2022-06-15 08:12:37.521  INFO 4857 --- [main] o.s.t.web.servlet.TestDispatcherServlet  : Initializing Servlet ''
2022-06-15 08:12:37.522  INFO 4857 --- [main] o.s.t.web.servlet.TestDispatcherServlet  : Completed initialization in 1 ms
2022-06-15 08:12:37.549  INFO 4857 --- [main] com.safetynet.api.AlertControllerTest    : Started AlertControllerTest in 1.114 seconds (JVM running for 9.629)
2022-06-15 08:12:37.580  INFO 4857 --- [main] c.s.api.controller.AlertController       : Résultat de la requetenull
2022-06-15 08:12:37.607  INFO 4857 --- [main] c.s.api.controller.AlertController       : Resultat de la requete: null
2022-06-15 08:12:37.641 ERROR 4857 --- [main] c.s.api.controller.AlertController       : No data available for this address, please check the entered value: 1509 Culver S
2022-06-15 08:12:37.660 ERROR 4857 --- [main] c.s.api.controller.AlertController       : No data available for this city, please check the entered value: Paris
2022-06-15 08:12:37.678 ERROR 4857 --- [main] c.s.api.controller.AlertController       : No data available for this station number, please check the entered value: 99
2022-06-15 08:12:37.695  INFO 4857 --- [main] c.s.api.controller.AlertController       : Résultat de la requete: null
2022-06-15 08:12:37.732 ERROR 4857 --- [main] c.s.api.controller.AlertController       : No data available for this person: Joh Boyd
2022-06-15 08:12:37.754 ERROR 4857 --- [main] c.s.api.controller.AlertController       : Required request parameter 'city' for method parameter type String is not present
2022-06-15 08:12:37.774  INFO 4857 --- [main] c.s.api.controller.AlertController       : Resultat de la requete: []
2022-06-15 08:12:37.798  INFO 4857 --- [main] c.s.api.controller.AlertController       : Resultat de la requete: {}
2022-06-15 08:12:37.825  INFO 4857 --- [main] c.s.api.controller.AlertController       : Résultat de la requete: []
2022-06-15 08:12:37.844 ERROR 4857 --- [main] c.s.api.controller.AlertController       : test
2022-06-15 08:12:37.860  INFO 4857 --- [main] c.s.api.controller.AlertController       : Resultat de la requete: null
2022-06-15 08:12:37.881  INFO 4857 --- [main] .b.t.a.w.s.WebMvcTestContextBootstrapper : Neither @ContextConfiguration nor @ContextHierarchy found for test class [com.safetynet.api.PersonControllerTest], using SpringBootContextLoader
2022-06-15 08:12:37.883  INFO 4857 --- [main] o.s.t.c.support.AbstractContextLoader    : Could not detect default resource locations for test class [com.safetynet.api.PersonControllerTest]: no resource found for suffixes {-context.xml, Context.groovy}.
2022-06-15 08:12:37.883  INFO 4857 --- [main] t.c.s.AnnotationConfigContextLoaderUtils : Could not detect default configuration classes for test class [com.safetynet.api.PersonControllerTest]: PersonControllerTest does not declare any static, non-private, non-final, nested classes annotated with @Configuration.
2022-06-15 08:12:37.898  INFO 4857 --- [main] .b.t.c.SpringBootTestContextBootstrapper : Found @SpringBootConfiguration com.safetynet.api.ApiApplication for test class com.safetynet.api.PersonControllerTest
2022-06-15 08:12:37.899  INFO 4857 --- [main] .b.t.a.w.s.WebMvcTestContextBootstrapper : Loaded default TestExecutionListener class names from location [META-INF/spring.factories]: [org.springframework.boot.test.mock.mockito.MockitoTestExecutionListener, org.springframework.boot.test.mock.mockito.ResetMocksTestExecutionListener, org.springframework.boot.test.autoconfigure.restdocs.RestDocsTestExecutionListener, org.springframework.boot.test.autoconfigure.web.client.MockRestServiceServerResetTestExecutionListener, org.springframework.boot.test.autoconfigure.web.servlet.MockMvcPrintOnlyOnFailureTestExecutionListener, org.springframework.boot.test.autoconfigure.web.servlet.WebDriverTestExecutionListener, org.springframework.boot.test.autoconfigure.webservices.client.MockWebServiceServerTestExecutionListener, org.springframework.test.context.web.ServletTestExecutionListener, org.springframework.test.context.support.DirtiesContextBeforeModesTestExecutionListener, org.springframework.test.context.event.ApplicationEventsTestExecutionListener, org.springframework.test.context.support.DependencyInjectionTestExecutionListener, org.springframework.test.context.support.DirtiesContextTestExecutionListener, org.springframework.test.context.transaction.TransactionalTestExecutionListener, org.springframework.test.context.jdbc.SqlScriptsTestExecutionListener, org.springframework.test.context.event.EventPublishingTestExecutionListener]
2022-06-15 08:12:37.901  INFO 4857 --- [main] .b.t.a.w.s.WebMvcTestContextBootstrapper : Using TestExecutionListeners: [org.springframework.test.context.web.ServletTestExecutionListener@1aab59a4, org.springframework.test.context.support.DirtiesContextBeforeModesTestExecutionListener@302c7718, org.springframework.test.context.event.ApplicationEventsTestExecutionListener@5ee4c633, org.springframework.boot.test.mock.mockito.MockitoTestExecutionListener@28b359bf, org.springframework.boot.test.autoconfigure.SpringBootDependencyInjectionTestExecutionListener@68154374, org.springframework.test.context.support.DirtiesContextTestExecutionListener@3bd27dd9, org.springframework.test.context.transaction.TransactionalTestExecutionListener@437fe1ce, org.springframework.test.context.jdbc.SqlScriptsTestExecutionListener@71b326bf, org.springframework.test.context.event.EventPublishingTestExecutionListener@33ffc51e, org.springframework.boot.test.mock.mockito.ResetMocksTestExecutionListener@1beb4a0d, org.springframework.boot.test.autoconfigure.restdocs.RestDocsTestExecutionListener@27a6a92f, org.springframework.boot.test.autoconfigure.web.client.MockRestServiceServerResetTestExecutionListener@4fc8f5ba, org.springframework.boot.test.autoconfigure.web.servlet.MockMvcPrintOnlyOnFailureTestExecutionListener@2d20e68, org.springframework.boot.test.autoconfigure.web.servlet.WebDriverTestExecutionListener@4328971d, org.springframework.boot.test.autoconfigure.webservices.client.MockWebServiceServerTestExecutionListener@51d5a186]
2022-06-15 08:12:37.956  INFO 4857 --- [main] com.safetynet.api.PersonControllerTest   : Starting PersonControllerTest using Java 11.0.15 on fixe with PID 4857 (started by gpi in /home/gpi/projet5)
2022-06-15 08:12:37.957  INFO 4857 --- [main] com.safetynet.api.PersonControllerTest   : No active profile set, falling back to 1 default profile: "default"
2022-06-15 08:12:38.558  INFO 4857 --- [main] o.s.b.t.m.w.SpringBootMockServletContext : Initializing Spring TestDispatcherServlet ''
2022-06-15 08:12:38.558  INFO 4857 --- [main] o.s.t.web.servlet.TestDispatcherServlet  : Initializing Servlet ''
2022-06-15 08:12:38.559  INFO 4857 --- [main] o.s.t.web.servlet.TestDispatcherServlet  : Completed initialization in 1 ms
2022-06-15 08:12:38.581  INFO 4857 --- [main] com.safetynet.api.PersonControllerTest   : Started PersonControllerTest in 0.676 seconds (JVM running for 10.662)
2022-06-15 08:12:38.636  INFO 4857 --- [main] c.s.api.controller.AlertController       : Résultat de la requetenull
2022-06-15 08:12:38.664  INFO 4857 --- [main] c.s.api.controller.AlertController       : Résultat de la requetenull
2022-06-15 08:12:38.680  INFO 4857 --- [main] c.s.api.controller.AlertController       : Résultat de la requetenull
2022-06-15 08:12:38.692  INFO 4857 --- [main] .b.t.c.SpringBootTestContextBootstrapper : Neither @ContextConfiguration nor @ContextHierarchy found for test class [com.safetynet.api.ApiApplicationTests], using SpringBootContextLoader
2022-06-15 08:12:38.693  INFO 4857 --- [main] o.s.t.c.support.AbstractContextLoader    : Could not detect default resource locations for test class [com.safetynet.api.ApiApplicationTests]: no resource found for suffixes {-context.xml, Context.groovy}.
2022-06-15 08:12:38.694  INFO 4857 --- [main] t.c.s.AnnotationConfigContextLoaderUtils : Could not detect default configuration classes for test class [com.safetynet.api.ApiApplicationTests]: ApiApplicationTests does not declare any static, non-private, non-final, nested classes annotated with @Configuration.
2022-06-15 08:12:38.697  INFO 4857 --- [main] .b.t.c.SpringBootTestContextBootstrapper : Found @SpringBootConfiguration com.safetynet.api.ApiApplication for test class com.safetynet.api.ApiApplicationTests
2022-06-15 08:12:38.707  INFO 4857 --- [main] .b.t.c.SpringBootTestContextBootstrapper : Loaded default TestExecutionListener class names from location [META-INF/spring.factories]: [org.springframework.boot.test.mock.mockito.MockitoTestExecutionListener, org.springframework.boot.test.mock.mockito.ResetMocksTestExecutionListener, org.springframework.boot.test.autoconfigure.restdocs.RestDocsTestExecutionListener, org.springframework.boot.test.autoconfigure.web.client.MockRestServiceServerResetTestExecutionListener, org.springframework.boot.test.autoconfigure.web.servlet.MockMvcPrintOnlyOnFailureTestExecutionListener, org.springframework.boot.test.autoconfigure.web.servlet.WebDriverTestExecutionListener, org.springframework.boot.test.autoconfigure.webservices.client.MockWebServiceServerTestExecutionListener, org.springframework.test.context.web.ServletTestExecutionListener, org.springframework.test.context.support.DirtiesContextBeforeModesTestExecutionListener, org.springframework.test.context.event.ApplicationEventsTestExecutionListener, org.springframework.test.context.support.DependencyInjectionTestExecutionListener, org.springframework.test.context.support.DirtiesContextTestExecutionListener, org.springframework.test.context.transaction.TransactionalTestExecutionListener, org.springframework.test.context.jdbc.SqlScriptsTestExecutionListener, org.springframework.test.context.event.EventPublishingTestExecutionListener]
2022-06-15 08:12:38.708  INFO 4857 --- [main] .b.t.c.SpringBootTestContextBootstrapper : Using TestExecutionListeners: [org.springframework.test.context.web.ServletTestExecutionListener@379dbb97, org.springframework.test.context.support.DirtiesContextBeforeModesTestExecutionListener@20459a8c, org.springframework.test.context.event.ApplicationEventsTestExecutionListener@5adaa8a5, org.springframework.boot.test.mock.mockito.MockitoTestExecutionListener@a3ca0b4, org.springframework.boot.test.autoconfigure.SpringBootDependencyInjectionTestExecutionListener@5027e367, org.springframework.test.context.support.DirtiesContextTestExecutionListener@5c3a8215, org.springframework.test.context.transaction.TransactionalTestExecutionListener@53aa86b7, org.springframework.test.context.jdbc.SqlScriptsTestExecutionListener@3c7ca576, org.springframework.test.context.event.EventPublishingTestExecutionListener@532f4545, org.springframework.boot.test.mock.mockito.ResetMocksTestExecutionListener@5b0d4f1f, org.springframework.boot.test.autoconfigure.restdocs.RestDocsTestExecutionListener@5c15e5f7, org.springframework.boot.test.autoconfigure.web.client.MockRestServiceServerResetTestExecutionListener@59bbc16, org.springframework.boot.test.autoconfigure.web.servlet.MockMvcPrintOnlyOnFailureTestExecutionListener@2cb7d48d, org.springframework.boot.test.autoconfigure.web.servlet.WebDriverTestExecutionListener@1df313b3, org.springframework.boot.test.autoconfigure.webservices.client.MockWebServiceServerTestExecutionListener@6eba77a7]
2022-06-15 08:12:38.757  INFO 4857 --- [main] com.safetynet.api.ApiApplicationTests    : Starting ApiApplicationTests using Java 11.0.15 on fixe with PID 4857 (started by gpi in /home/gpi/projet5)
2022-06-15 08:12:38.757  INFO 4857 --- [main] com.safetynet.api.ApiApplicationTests    : No active profile set, falling back to 1 default profile: "default"
2022-06-15 08:12:39.257  INFO 4857 --- [main] .s.d.r.c.RepositoryConfigurationDelegate : Bootstrapping Spring Data JPA repositories in DEFAULT mode.
2022-06-15 08:12:39.373  INFO 4857 --- [main] .s.d.r.c.RepositoryConfigurationDelegate : Finished Spring Data repository scanning in 99 ms. Found 7 JPA repository interfaces.
2022-06-15 08:12:39.865  INFO 4857 --- [main] com.zaxxer.hikari.HikariDataSource       : HikariPool-1 - Starting...
2022-06-15 08:12:40.414  INFO 4857 --- [main] com.zaxxer.hikari.HikariDataSource       : HikariPool-1 - Start completed.
2022-06-15 08:12:40.886  INFO 4857 --- [main] o.hibernate.jpa.internal.util.LogHelper  : HHH000204: Processing PersistenceUnitInfo [name: default]
2022-06-15 08:12:41.007  INFO 4857 --- [main] org.hibernate.Version                    : HHH000412: Hibernate ORM core version 5.6.7.Final
2022-06-15 08:12:41.114  INFO 4857 --- [main] o.hibernate.annotations.common.Version   : HCANN000001: Hibernate Commons Annotations {5.1.2.Final}
2022-06-15 08:12:41.451  INFO 4857 --- [main] org.hibernate.dialect.Dialect            : HHH000400: Using dialect: org.hibernate.dialect.H2Dialect
2022-06-15 08:12:43.064  INFO 4857 --- [main] o.h.e.t.j.p.i.JtaPlatformInitiator       : HHH000490: Using JtaPlatform implementation: [org.hibernate.engine.transaction.jta.platform.internal.NoJtaPlatform]
2022-06-15 08:12:43.080  INFO 4857 --- [main] j.LocalContainerEntityManagerFactoryBean : Initialized JPA EntityManagerFactory for persistence unit 'default'
2022-06-15 08:12:46.054  WARN 4857 --- [main] JpaBaseConfiguration$JpaWebConfiguration : spring.jpa.open-in-view is enabled by default. Therefore, database queries may be performed during view rendering. Explicitly configure spring.jpa.open-in-view to disable this warning
2022-06-15 08:12:46.202  INFO 4857 --- [main] o.s.b.a.h2.H2ConsoleAutoConfiguration    : H2 console available at '/h2-console'. Database available at 'jdbc:h2:mem:93dff650-8ce2-45be-b306-41d17ee61574'
2022-06-15 08:12:46.509  INFO 4857 --- [main] com.safetynet.api.ApiApplicationTests    : Started ApiApplicationTests in 7.797 seconds (JVM running for 18.589)
2022-06-15 08:12:46.525  INFO 4857 --- [main] .b.t.a.w.s.WebMvcTestContextBootstrapper : Neither @ContextConfiguration nor @ContextHierarchy found for test class [com.safetynet.api.MedicalRecordControllerTest], using SpringBootContextLoader
2022-06-15 08:12:46.526  INFO 4857 --- [main] o.s.t.c.support.AbstractContextLoader    : Could not detect default resource locations for test class [com.safetynet.api.MedicalRecordControllerTest]: no resource found for suffixes {-context.xml, Context.groovy}.
2022-06-15 08:12:46.527  INFO 4857 --- [main] t.c.s.AnnotationConfigContextLoaderUtils : Could not detect default configuration classes for test class [com.safetynet.api.MedicalRecordControllerTest]: MedicalRecordControllerTest does not declare any static, non-private, non-final, nested classes annotated with @Configuration.
2022-06-15 08:12:46.534  INFO 4857 --- [main] .b.t.c.SpringBootTestContextBootstrapper : Found @SpringBootConfiguration com.safetynet.api.ApiApplication for test class com.safetynet.api.MedicalRecordControllerTest
2022-06-15 08:12:46.535  INFO 4857 --- [main] .b.t.a.w.s.WebMvcTestContextBootstrapper : Loaded default TestExecutionListener class names from location [META-INF/spring.factories]: [org.springframework.boot.test.mock.mockito.MockitoTestExecutionListener, org.springframework.boot.test.mock.mockito.ResetMocksTestExecutionListener, org.springframework.boot.test.autoconfigure.restdocs.RestDocsTestExecutionListener, org.springframework.boot.test.autoconfigure.web.client.MockRestServiceServerResetTestExecutionListener, org.springframework.boot.test.autoconfigure.web.servlet.MockMvcPrintOnlyOnFailureTestExecutionListener, org.springframework.boot.test.autoconfigure.web.servlet.WebDriverTestExecutionListener, org.springframework.boot.test.autoconfigure.webservices.client.MockWebServiceServerTestExecutionListener, org.springframework.test.context.web.ServletTestExecutionListener, org.springframework.test.context.support.DirtiesContextBeforeModesTestExecutionListener, org.springframework.test.context.event.ApplicationEventsTestExecutionListener, org.springframework.test.context.support.DependencyInjectionTestExecutionListener, org.springframework.test.context.support.DirtiesContextTestExecutionListener, org.springframework.test.context.transaction.TransactionalTestExecutionListener, org.springframework.test.context.jdbc.SqlScriptsTestExecutionListener, org.springframework.test.context.event.EventPublishingTestExecutionListener]
2022-06-15 08:12:46.536  INFO 4857 --- [main] .b.t.a.w.s.WebMvcTestContextBootstrapper : Using TestExecutionListeners: [org.springframework.test.context.web.ServletTestExecutionListener@aefb414, org.springframework.test.context.support.DirtiesContextBeforeModesTestExecutionListener@3f91d09a, org.springframework.test.context.event.ApplicationEventsTestExecutionListener@61c88c91, org.springframework.boot.test.mock.mockito.MockitoTestExecutionListener@74851f76, org.springframework.boot.test.autoconfigure.SpringBootDependencyInjectionTestExecutionListener@33d5ae6, org.springframework.test.context.support.DirtiesContextTestExecutionListener@32994f1b, org.springframework.test.context.transaction.TransactionalTestExecutionListener@1790f1dd, org.springframework.test.context.jdbc.SqlScriptsTestExecutionListener@4b3222f6, org.springframework.test.context.event.EventPublishingTestExecutionListener@2231bb1c, org.springframework.boot.test.mock.mockito.ResetMocksTestExecutionListener@5aa8c9d6, org.springframework.boot.test.autoconfigure.restdocs.RestDocsTestExecutionListener@4a26c547, org.springframework.boot.test.autoconfigure.web.client.MockRestServiceServerResetTestExecutionListener@10596b67, org.springframework.boot.test.autoconfigure.web.servlet.MockMvcPrintOnlyOnFailureTestExecutionListener@3f1fcb2b, org.springframework.boot.test.autoconfigure.web.servlet.WebDriverTestExecutionListener@23e55367, org.springframework.boot.test.autoconfigure.webservices.client.MockWebServiceServerTestExecutionListener@5f15a6a1]
2022-06-15 08:12:46.576  INFO 4857 --- [main] c.s.api.MedicalRecordControllerTest      : Starting MedicalRecordControllerTest using Java 11.0.15 on fixe with PID 4857 (started by gpi in /home/gpi/projet5)
2022-06-15 08:12:46.576  INFO 4857 --- [main] c.s.api.MedicalRecordControllerTest      : No active profile set, falling back to 1 default profile: "default"
2022-06-15 08:12:47.073  INFO 4857 --- [main] o.s.b.t.m.w.SpringBootMockServletContext : Initializing Spring TestDispatcherServlet ''
2022-06-15 08:12:47.073  INFO 4857 --- [main] o.s.t.web.servlet.TestDispatcherServlet  : Initializing Servlet ''
2022-06-15 08:12:47.076  INFO 4857 --- [main] o.s.t.web.servlet.TestDispatcherServlet  : Completed initialization in 0 ms
2022-06-15 08:12:47.089  INFO 4857 --- [main] c.s.api.MedicalRecordControllerTest      : Started MedicalRecordControllerTest in 0.55 seconds (JVM running for 19.17)
2022-06-15 08:12:47.639 ERROR 4857 --- [main] c.s.api.controller.AlertController       : [Home(id=0, address=address for test, city=Paris, zip=75001, persons=[], station=15)]
2022-06-15 08:12:48.036  INFO 4857 --- [SpringApplicationShutdownHook] j.LocalContainerEntityManagerFactoryBean : Closing JPA EntityManagerFactory for persistence unit 'default'
2022-06-15 08:12:48.042  INFO 4857 --- [SpringApplicationShutdownHook] com.zaxxer.hikari.HikariDataSource       : HikariPool-1 - Shutdown initiated...
2022-06-15 08:12:48.047  INFO 4857 --- [SpringApplicationShutdownHook] com.zaxxer.hikari.HikariDataSource       : HikariPool-1 - Shutdown completed.
2022-06-15 08:13:06.561  INFO 4966 --- [main] com.safetynet.api.ApiApplication         : Starting ApiApplication using Java 11.0.15 on fixe with PID 4966 (/home/gpi/projet5/target/classes started by gpi in /home/gpi/projet5)
2022-06-15 08:13:06.565  INFO 4966 --- [main] com.safetynet.api.ApiApplication         : No active profile set, falling back to 1 default profile: "default"
2022-06-15 08:13:07.405  INFO 4966 --- [main] .s.d.r.c.RepositoryConfigurationDelegate : Bootstrapping Spring Data JPA repositories in DEFAULT mode.
2022-06-15 08:13:07.477  INFO 4966 --- [main] .s.d.r.c.RepositoryConfigurationDelegate : Finished Spring Data repository scanning in 64 ms. Found 7 JPA repository interfaces.
2022-06-15 08:13:08.062  INFO 4966 --- [main] o.s.b.w.embedded.tomcat.TomcatWebServer  : Tomcat initialized with port(s): 9000 (http)
2022-06-15 08:13:08.077  INFO 4966 --- [main] o.apache.catalina.core.StandardService   : Starting service [Tomcat]
2022-06-15 08:13:08.078  INFO 4966 --- [main] org.apache.catalina.core.StandardEngine  : Starting Servlet engine: [Apache Tomcat/9.0.60]
2022-06-15 08:13:08.200  INFO 4966 --- [main] o.a.c.c.C.[Tomcat].[localhost].[/]       : Initializing Spring embedded WebApplicationContext
2022-06-15 08:13:08.200  INFO 4966 --- [main] w.s.c.ServletWebServerApplicationContext : Root WebApplicationContext: initialization completed in 1567 ms
2022-06-15 08:13:08.243  INFO 4966 --- [main] com.zaxxer.hikari.HikariDataSource       : HikariPool-1 - Starting...
2022-06-15 08:13:08.462  INFO 4966 --- [main] com.zaxxer.hikari.HikariDataSource       : HikariPool-1 - Start completed.
2022-06-15 08:13:08.478  INFO 4966 --- [main] o.s.b.a.h2.H2ConsoleAutoConfiguration    : H2 console available at '/h2-console'. Database available at 'jdbc:h2:mem:c6bd6df6-feef-4672-8b43-d58d8bcc3ce7'
2022-06-15 08:13:08.785  INFO 4966 --- [main] o.hibernate.jpa.internal.util.LogHelper  : HHH000204: Processing PersistenceUnitInfo [name: default]
2022-06-15 08:13:08.852  INFO 4966 --- [main] org.hibernate.Version                    : HHH000412: Hibernate ORM core version 5.6.7.Final
2022-06-15 08:13:09.033  INFO 4966 --- [main] o.hibernate.annotations.common.Version   : HCANN000001: Hibernate Commons Annotations {5.1.2.Final}
2022-06-15 08:13:09.196  INFO 4966 --- [main] org.hibernate.dialect.Dialect            : HHH000400: Using dialect: org.hibernate.dialect.H2Dialect
2022-06-15 08:13:10.157  INFO 4966 --- [main] o.h.e.t.j.p.i.JtaPlatformInitiator       : HHH000490: Using JtaPlatform implementation: [org.hibernate.engine.transaction.jta.platform.internal.NoJtaPlatform]
2022-06-15 08:13:10.170  INFO 4966 --- [main] j.LocalContainerEntityManagerFactoryBean : Initialized JPA EntityManagerFactory for persistence unit 'default'
2022-06-15 08:13:11.700  WARN 4966 --- [main] JpaBaseConfiguration$JpaWebConfiguration : spring.jpa.open-in-view is enabled by default. Therefore, database queries may be performed during view rendering. Explicitly configure spring.jpa.open-in-view to disable this warning
2022-06-15 08:13:12.187  INFO 4966 --- [main] o.s.b.w.embedded.tomcat.TomcatWebServer  : Tomcat started on port(s): 9000 (http) with context path ''
2022-06-15 08:13:12.203  INFO 4966 --- [main] com.safetynet.api.ApiApplication         : Started ApiApplication in 6.161 seconds (JVM running for 6.905)
